
> server@1.0.0 studio /Users/wemo/new-flow/AINO/AINO-server
> drizzle-kit studio

No config path provided, using default 'drizzle.config.ts'
Reading config file '/Users/wemo/new-flow/AINO/AINO-server/drizzle.config.ts'
Using 'pg' driver for database querying

 Warning  Drizzle Studio is currently in Beta. If you find anything that is not working as expected or should be improved, feel free to create an issue on GitHub: https://github.com/drizzle-team/drizzle-kit-mirror/issues/new or write to us on Discord: https://discord.gg/WcRKz2FFxN

Drizzle Studio is up and running on https://local.drizzle.studio
error: cannot drop table applications because other objects depend on it
    at /Users/wemo/new-flow/AINO/AINO-server/node_modules/.pnpm/pg-pool@3.10.1_pg@8.16.3/node_modules/pg-pool/index.js:45:11
    at process.processTicksAndRejections (node:internal/process/task_queues:95:5)
    at async proxy (/Users/wemo/new-flow/AINO/AINO-server/node_modules/.pnpm/drizzle-kit@0.31.4/node_modules/drizzle-kit/bin.cjs:80609:26)
    at async /Users/wemo/new-flow/AINO/AINO-server/node_modules/.pnpm/drizzle-kit@0.31.4/node_modules/drizzle-kit/bin.cjs:91715:26
    at async dispatch (/Users/wemo/new-flow/AINO/AINO-server/node_modules/.pnpm/drizzle-kit@0.31.4/node_modules/drizzle-kit/bin.cjs:89657:21)
    at async /Users/wemo/new-flow/AINO/AINO-server/node_modules/.pnpm/drizzle-kit@0.31.4/node_modules/drizzle-kit/bin.cjs:89591:9
    at async dispatch (/Users/wemo/new-flow/AINO/AINO-server/node_modules/.pnpm/drizzle-kit@0.31.4/node_modules/drizzle-kit/bin.cjs:89657:21)
    at async cors2 (/Users/wemo/new-flow/AINO/AINO-server/node_modules/.pnpm/drizzle-kit@0.31.4/node_modules/drizzle-kit/bin.cjs:91230:9)
    at async dispatch (/Users/wemo/new-flow/AINO/AINO-server/node_modules/.pnpm/drizzle-kit@0.31.4/node_modules/drizzle-kit/bin.cjs:89657:21)
    at async /Users/wemo/new-flow/AINO/AINO-server/node_modules/.pnpm/drizzle-kit@0.31.4/node_modules/drizzle-kit/bin.cjs:91661:9 {
  length: 861,
  severity: 'ERROR',
  code: '2BP01',
  detail: 'constraint audit_logs_application_id_applications_id_fk on table audit_logs depends on table applications\n' +
    'constraint directories_application_id_applications_id_fk on table directories depends on table applications\n' +
    'constraint directory_defs_application_id_applications_id_fk on table directory_defs depends on table applications\n' +
    'constraint field_categories_application_id_applications_id_fk on table field_categories depends on table applications\n' +
    'constraint modules_application_id_applications_id_fk on table modules depends on table applications\n' +
    'constraint record_categories_application_id_applications_id_fk on table record_categories depends on table applications',
  hint: 'Use DROP ... CASCADE to drop the dependent objects too.',
  position: undefined,
  internalPosition: undefined,
  internalQuery: undefined,
  where: undefined,
  schema: undefined,
  table: undefined,
  column: undefined,
  dataType: undefined,
  constraint: undefined,
  file: 'dependency.c',
  line: '1204',
  routine: 'reportDependentObjects'
}
error: cannot drop table applications because other objects depend on it
    at /Users/wemo/new-flow/AINO/AINO-server/node_modules/.pnpm/pg-pool@3.10.1_pg@8.16.3/node_modules/pg-pool/index.js:45:11
    at process.processTicksAndRejections (node:internal/process/task_queues:95:5)
    at async proxy (/Users/wemo/new-flow/AINO/AINO-server/node_modules/.pnpm/drizzle-kit@0.31.4/node_modules/drizzle-kit/bin.cjs:80609:26)
    at async /Users/wemo/new-flow/AINO/AINO-server/node_modules/.pnpm/drizzle-kit@0.31.4/node_modules/drizzle-kit/bin.cjs:91715:26
    at async dispatch (/Users/wemo/new-flow/AINO/AINO-server/node_modules/.pnpm/drizzle-kit@0.31.4/node_modules/drizzle-kit/bin.cjs:89657:21)
    at async /Users/wemo/new-flow/AINO/AINO-server/node_modules/.pnpm/drizzle-kit@0.31.4/node_modules/drizzle-kit/bin.cjs:89591:9
    at async dispatch (/Users/wemo/new-flow/AINO/AINO-server/node_modules/.pnpm/drizzle-kit@0.31.4/node_modules/drizzle-kit/bin.cjs:89657:21)
    at async cors2 (/Users/wemo/new-flow/AINO/AINO-server/node_modules/.pnpm/drizzle-kit@0.31.4/node_modules/drizzle-kit/bin.cjs:91230:9)
    at async dispatch (/Users/wemo/new-flow/AINO/AINO-server/node_modules/.pnpm/drizzle-kit@0.31.4/node_modules/drizzle-kit/bin.cjs:89657:21)
    at async /Users/wemo/new-flow/AINO/AINO-server/node_modules/.pnpm/drizzle-kit@0.31.4/node_modules/drizzle-kit/bin.cjs:91661:9 {
  length: 861,
  severity: 'ERROR',
  code: '2BP01',
  detail: 'constraint audit_logs_application_id_applications_id_fk on table audit_logs depends on table applications\n' +
    'constraint directories_application_id_applications_id_fk on table directories depends on table applications\n' +
    'constraint directory_defs_application_id_applications_id_fk on table directory_defs depends on table applications\n' +
    'constraint field_categories_application_id_applications_id_fk on table field_categories depends on table applications\n' +
    'constraint modules_application_id_applications_id_fk on table modules depends on table applications\n' +
    'constraint record_categories_application_id_applications_id_fk on table record_categories depends on table applications',
  hint: 'Use DROP ... CASCADE to drop the dependent objects too.',
  position: undefined,
  internalPosition: undefined,
  internalQuery: undefined,
  where: undefined,
  schema: undefined,
  table: undefined,
  column: undefined,
  dataType: undefined,
  constraint: undefined,
  file: 'dependency.c',
  line: '1204',
  routine: 'reportDependentObjects'
}
error: cannot drop table users because other objects depend on it
    at /Users/wemo/new-flow/AINO/AINO-server/node_modules/.pnpm/pg-pool@3.10.1_pg@8.16.3/node_modules/pg-pool/index.js:45:11
    at process.processTicksAndRejections (node:internal/process/task_queues:95:5)
    at async proxy (/Users/wemo/new-flow/AINO/AINO-server/node_modules/.pnpm/drizzle-kit@0.31.4/node_modules/drizzle-kit/bin.cjs:80609:26)
    at async /Users/wemo/new-flow/AINO/AINO-server/node_modules/.pnpm/drizzle-kit@0.31.4/node_modules/drizzle-kit/bin.cjs:91715:26
    at async dispatch (/Users/wemo/new-flow/AINO/AINO-server/node_modules/.pnpm/drizzle-kit@0.31.4/node_modules/drizzle-kit/bin.cjs:89657:21)
    at async /Users/wemo/new-flow/AINO/AINO-server/node_modules/.pnpm/drizzle-kit@0.31.4/node_modules/drizzle-kit/bin.cjs:89591:9
    at async dispatch (/Users/wemo/new-flow/AINO/AINO-server/node_modules/.pnpm/drizzle-kit@0.31.4/node_modules/drizzle-kit/bin.cjs:89657:21)
    at async cors2 (/Users/wemo/new-flow/AINO/AINO-server/node_modules/.pnpm/drizzle-kit@0.31.4/node_modules/drizzle-kit/bin.cjs:91230:9)
    at async dispatch (/Users/wemo/new-flow/AINO/AINO-server/node_modules/.pnpm/drizzle-kit@0.31.4/node_modules/drizzle-kit/bin.cjs:89657:21)
    at async /Users/wemo/new-flow/AINO/AINO-server/node_modules/.pnpm/drizzle-kit@0.31.4/node_modules/drizzle-kit/bin.cjs:91661:9 {
  length: 273,
  severity: 'ERROR',
  code: '2BP01',
  detail: 'constraint audit_logs_user_id_users_id_fk on table audit_logs depends on table users',
  hint: 'Use DROP ... CASCADE to drop the dependent objects too.',
  position: undefined,
  internalPosition: undefined,
  internalQuery: undefined,
  where: undefined,
  schema: undefined,
  table: undefined,
  column: undefined,
  dataType: undefined,
  constraint: undefined,
  file: 'dependency.c',
  line: '1204',
  routine: 'reportDependentObjects'
}
