2025-11-04T16:52:21: 
2025-11-04T16:52:21: > my-v0-project@0.1.0 start /Users/wemo/new-flow/AINO
2025-11-04T16:52:21: > next start
2025-11-04T16:52:21: 
2025-11-04T16:52:21:    ▲ Next.js 16.0.0
2025-11-04T16:52:21:    - Local:        http://localhost:3000
2025-11-04T16:52:21:    - Network:      http://192.168.1.3:3000
2025-11-04T16:52:21: 
2025-11-04T16:52:21:  ✓ Starting...
2025-11-04T16:52:21:  ✓ Ready in 132ms
2025-11-04T17:02:46: 
2025-11-04T17:02:46: > my-v0-project@0.1.0 start /Users/wemo/new-flow/AINO
2025-11-04T17:02:46: > next start
2025-11-04T17:02:46: 
2025-11-04T17:02:47:    ▲ Next.js 16.0.0
2025-11-04T17:02:47:    - Local:        http://localhost:3000
2025-11-04T17:02:47:    - Network:      http://192.168.1.3:3000
2025-11-04T17:02:47: 
2025-11-04T17:02:47:  ✓ Starting...
2025-11-04T17:02:47:  ✓ Ready in 183ms
2025-11-04T17:15:33: 
2025-11-04T17:15:33: > my-v0-project@0.1.0 start /Users/wemo/new-flow/AINO
2025-11-04T17:15:33: > next start
2025-11-04T17:15:33: 
2025-11-04T17:15:33:    ▲ Next.js 16.0.0
2025-11-04T17:15:33:    - Local:        http://localhost:4001
2025-11-04T17:15:33:    - Network:      http://192.168.1.3:4001
2025-11-04T17:15:33: 
2025-11-04T17:15:33:  ✓ Starting...
2025-11-04T17:15:33:  ✓ Ready in 181ms
