2025-11-04T16:52:21: (node:77710) [DEP0060] DeprecationWarning: The `util._extend` API is deprecated. Please use Object.assign() instead.
2025-11-04T16:52:21: (Use `node --trace-deprecation ...` to show where the warning was created)
2025-11-04T16:52:21:  ⚠ Warning: Next.js inferred your workspace root, but it may not be correct.
2025-11-04T16:52:21:  We detected multiple lockfiles and selected the directory of /Users/wemo/package-lock.json as the root directory.
2025-11-04T16:52:21:  To silence this warning, set `outputFileTracingRoot` in your Next.js config, or consider removing one of the lockfiles if it's not needed.
2025-11-04T16:52:21:    See https://nextjs.org/docs/app/api-reference/config/next-config-js/output#caveats for more information.
2025-11-04T16:52:21:  Detected additional lockfiles: 
2025-11-04T16:52:21:    * /Users/wemo/new-flow/AINO/pnpm-lock.yaml
2025-11-04T16:52:21:    * /Users/wemo/new-flow/package-lock.json
2025-11-04T16:52:21: 
2025-11-04T17:02:46: (node:86633) [DEP0060] DeprecationWarning: The `util._extend` API is deprecated. Please use Object.assign() instead.
2025-11-04T17:02:46: (Use `node --trace-deprecation ...` to show where the warning was created)
2025-11-04T17:02:47:  ⚠ Warning: Next.js inferred your workspace root, but it may not be correct.
2025-11-04T17:02:47:  We detected multiple lockfiles and selected the directory of /Users/wemo/package-lock.json as the root directory.
2025-11-04T17:02:47:  To silence this warning, set `outputFileTracingRoot` in your Next.js config, or consider removing one of the lockfiles if it's not needed.
2025-11-04T17:02:47:    See https://nextjs.org/docs/app/api-reference/config/next-config-js/output#caveats for more information.
2025-11-04T17:02:47:  Detected additional lockfiles: 
2025-11-04T17:02:47:    * /Users/wemo/new-flow/AINO/pnpm-lock.yaml
2025-11-04T17:02:47:    * /Users/wemo/new-flow/package-lock.json
2025-11-04T17:02:47: 
2025-11-04T17:10:28: /Users/wemo/new-flow/AINO/node_modules/.bin/next:2
2025-11-04T17:10:28: basedir=$(dirname "$(echo "$0" | sed -e 's,\\,/,g')")
2025-11-04T17:10:28:           ^^^^^^^
2025-11-04T17:10:28: 
2025-11-04T17:10:28: SyntaxError: missing ) after argument list
2025-11-04T17:10:28:     at wrapSafe (node:internal/modules/cjs/loader:1620:18)
2025-11-04T17:10:28:     at Module._compile (node:internal/modules/cjs/loader:1662:20)
2025-11-04T17:10:28:     at Object..js (node:internal/modules/cjs/loader:1820:10)
2025-11-04T17:10:28:     at Module.load (node:internal/modules/cjs/loader:1423:32)
2025-11-04T17:10:28:     at Function._load (node:internal/modules/cjs/loader:1246:12)
2025-11-04T17:10:28:     at Object.<anonymous> (/usr/local/lib/node_modules/pm2/lib/ProcessContainerFork.js:33:23)
2025-11-04T17:10:28:     at Module._compile (node:internal/modules/cjs/loader:1688:14)
2025-11-04T17:10:28:     at Object..js (node:internal/modules/cjs/loader:1820:10)
2025-11-04T17:10:28:     at Module.load (node:internal/modules/cjs/loader:1423:32)
2025-11-04T17:10:28:     at Function._load (node:internal/modules/cjs/loader:1246:12)
2025-11-04T17:10:32: /Users/wemo/new-flow/AINO/node_modules/.bin/next:2
2025-11-04T17:10:32: basedir=$(dirname "$(echo "$0" | sed -e 's,\\,/,g')")
2025-11-04T17:10:32:           ^^^^^^^
2025-11-04T17:10:32: 
2025-11-04T17:10:32: SyntaxError: missing ) after argument list
2025-11-04T17:10:32:     at wrapSafe (node:internal/modules/cjs/loader:1620:18)
2025-11-04T17:10:32:     at Module._compile (node:internal/modules/cjs/loader:1662:20)
2025-11-04T17:10:32:     at Object..js (node:internal/modules/cjs/loader:1820:10)
2025-11-04T17:10:32:     at Module.load (node:internal/modules/cjs/loader:1423:32)
2025-11-04T17:10:32:     at Function._load (node:internal/modules/cjs/loader:1246:12)
2025-11-04T17:10:32:     at Object.<anonymous> (/usr/local/lib/node_modules/pm2/lib/ProcessContainerFork.js:33:23)
2025-11-04T17:10:32:     at Module._compile (node:internal/modules/cjs/loader:1688:14)
2025-11-04T17:10:32:     at Object..js (node:internal/modules/cjs/loader:1820:10)
2025-11-04T17:10:32:     at Module.load (node:internal/modules/cjs/loader:1423:32)
2025-11-04T17:10:32:     at Function._load (node:internal/modules/cjs/loader:1246:12)
2025-11-04T17:10:36: /Users/wemo/new-flow/AINO/node_modules/.bin/next:2
2025-11-04T17:10:36: basedir=$(dirname "$(echo "$0" | sed -e 's,\\,/,g')")
2025-11-04T17:10:36:           ^^^^^^^
2025-11-04T17:10:36: 
2025-11-04T17:10:36: SyntaxError: missing ) after argument list
2025-11-04T17:10:36:     at wrapSafe (node:internal/modules/cjs/loader:1620:18)
2025-11-04T17:10:36:     at Module._compile (node:internal/modules/cjs/loader:1662:20)
2025-11-04T17:10:36:     at Object..js (node:internal/modules/cjs/loader:1820:10)
2025-11-04T17:10:36:     at Module.load (node:internal/modules/cjs/loader:1423:32)
2025-11-04T17:10:36:     at Function._load (node:internal/modules/cjs/loader:1246:12)
2025-11-04T17:10:36:     at Object.<anonymous> (/usr/local/lib/node_modules/pm2/lib/ProcessContainerFork.js:33:23)
2025-11-04T17:10:36:     at Module._compile (node:internal/modules/cjs/loader:1688:14)
2025-11-04T17:10:36:     at Object..js (node:internal/modules/cjs/loader:1820:10)
2025-11-04T17:10:36:     at Module.load (node:internal/modules/cjs/loader:1423:32)
2025-11-04T17:10:36:     at Function._load (node:internal/modules/cjs/loader:1246:12)
2025-11-04T17:10:40: /Users/wemo/new-flow/AINO/node_modules/.bin/next:2
2025-11-04T17:10:40: basedir=$(dirname "$(echo "$0" | sed -e 's,\\,/,g')")
2025-11-04T17:10:40:           ^^^^^^^
2025-11-04T17:10:40: 
2025-11-04T17:10:40: SyntaxError: missing ) after argument list
2025-11-04T17:10:40:     at wrapSafe (node:internal/modules/cjs/loader:1620:18)
2025-11-04T17:10:40:     at Module._compile (node:internal/modules/cjs/loader:1662:20)
2025-11-04T17:10:40:     at Object..js (node:internal/modules/cjs/loader:1820:10)
2025-11-04T17:10:40:     at Module.load (node:internal/modules/cjs/loader:1423:32)
2025-11-04T17:10:40:     at Function._load (node:internal/modules/cjs/loader:1246:12)
2025-11-04T17:10:40:     at Object.<anonymous> (/usr/local/lib/node_modules/pm2/lib/ProcessContainerFork.js:33:23)
2025-11-04T17:10:40:     at Module._compile (node:internal/modules/cjs/loader:1688:14)
2025-11-04T17:10:40:     at Object..js (node:internal/modules/cjs/loader:1820:10)
2025-11-04T17:10:40:     at Module.load (node:internal/modules/cjs/loader:1423:32)
2025-11-04T17:10:40:     at Function._load (node:internal/modules/cjs/loader:1246:12)
2025-11-04T17:10:44: /Users/wemo/new-flow/AINO/node_modules/.bin/next:2
2025-11-04T17:10:44: basedir=$(dirname "$(echo "$0" | sed -e 's,\\,/,g')")
2025-11-04T17:10:44:           ^^^^^^^
2025-11-04T17:10:44: 
2025-11-04T17:10:44: SyntaxError: missing ) after argument list
2025-11-04T17:10:44:     at wrapSafe (node:internal/modules/cjs/loader:1620:18)
2025-11-04T17:10:44:     at Module._compile (node:internal/modules/cjs/loader:1662:20)
2025-11-04T17:10:44:     at Object..js (node:internal/modules/cjs/loader:1820:10)
2025-11-04T17:10:44:     at Module.load (node:internal/modules/cjs/loader:1423:32)
2025-11-04T17:10:44:     at Function._load (node:internal/modules/cjs/loader:1246:12)
2025-11-04T17:10:44:     at Object.<anonymous> (/usr/local/lib/node_modules/pm2/lib/ProcessContainerFork.js:33:23)
2025-11-04T17:10:44:     at Module._compile (node:internal/modules/cjs/loader:1688:14)
2025-11-04T17:10:44:     at Object..js (node:internal/modules/cjs/loader:1820:10)
2025-11-04T17:10:44:     at Module.load (node:internal/modules/cjs/loader:1423:32)
2025-11-04T17:10:44:     at Function._load (node:internal/modules/cjs/loader:1246:12)
2025-11-04T17:10:48: /Users/wemo/new-flow/AINO/node_modules/.bin/next:2
2025-11-04T17:10:48: basedir=$(dirname "$(echo "$0" | sed -e 's,\\,/,g')")
2025-11-04T17:10:48:           ^^^^^^^
2025-11-04T17:10:48: 
2025-11-04T17:10:48: SyntaxError: missing ) after argument list
2025-11-04T17:10:48:     at wrapSafe (node:internal/modules/cjs/loader:1620:18)
2025-11-04T17:10:48:     at Module._compile (node:internal/modules/cjs/loader:1662:20)
2025-11-04T17:10:48:     at Object..js (node:internal/modules/cjs/loader:1820:10)
2025-11-04T17:10:48:     at Module.load (node:internal/modules/cjs/loader:1423:32)
2025-11-04T17:10:48:     at Function._load (node:internal/modules/cjs/loader:1246:12)
2025-11-04T17:10:48:     at Object.<anonymous> (/usr/local/lib/node_modules/pm2/lib/ProcessContainerFork.js:33:23)
2025-11-04T17:10:48:     at Module._compile (node:internal/modules/cjs/loader:1688:14)
2025-11-04T17:10:48:     at Object..js (node:internal/modules/cjs/loader:1820:10)
2025-11-04T17:10:48:     at Module.load (node:internal/modules/cjs/loader:1423:32)
2025-11-04T17:10:48:     at Function._load (node:internal/modules/cjs/loader:1246:12)
2025-11-04T17:10:52: /Users/wemo/new-flow/AINO/node_modules/.bin/next:2
2025-11-04T17:10:52: basedir=$(dirname "$(echo "$0" | sed -e 's,\\,/,g')")
2025-11-04T17:10:52:           ^^^^^^^
2025-11-04T17:10:52: 
2025-11-04T17:10:52: SyntaxError: missing ) after argument list
2025-11-04T17:10:52:     at wrapSafe (node:internal/modules/cjs/loader:1620:18)
2025-11-04T17:10:52:     at Module._compile (node:internal/modules/cjs/loader:1662:20)
2025-11-04T17:10:52:     at Object..js (node:internal/modules/cjs/loader:1820:10)
2025-11-04T17:10:52:     at Module.load (node:internal/modules/cjs/loader:1423:32)
2025-11-04T17:10:52:     at Function._load (node:internal/modules/cjs/loader:1246:12)
2025-11-04T17:10:52:     at Object.<anonymous> (/usr/local/lib/node_modules/pm2/lib/ProcessContainerFork.js:33:23)
2025-11-04T17:10:52:     at Module._compile (node:internal/modules/cjs/loader:1688:14)
2025-11-04T17:10:52:     at Object..js (node:internal/modules/cjs/loader:1820:10)
2025-11-04T17:10:52:     at Module.load (node:internal/modules/cjs/loader:1423:32)
2025-11-04T17:10:52:     at Function._load (node:internal/modules/cjs/loader:1246:12)
2025-11-04T17:10:57: /Users/wemo/new-flow/AINO/node_modules/.bin/next:2
2025-11-04T17:10:57: basedir=$(dirname "$(echo "$0" | sed -e 's,\\,/,g')")
2025-11-04T17:10:57:           ^^^^^^^
2025-11-04T17:10:57: 
2025-11-04T17:10:57: SyntaxError: missing ) after argument list
2025-11-04T17:10:57:     at wrapSafe (node:internal/modules/cjs/loader:1620:18)
2025-11-04T17:10:57:     at Module._compile (node:internal/modules/cjs/loader:1662:20)
2025-11-04T17:10:57:     at Object..js (node:internal/modules/cjs/loader:1820:10)
2025-11-04T17:10:57:     at Module.load (node:internal/modules/cjs/loader:1423:32)
2025-11-04T17:10:57:     at Function._load (node:internal/modules/cjs/loader:1246:12)
2025-11-04T17:10:57:     at Object.<anonymous> (/usr/local/lib/node_modules/pm2/lib/ProcessContainerFork.js:33:23)
2025-11-04T17:10:57:     at Module._compile (node:internal/modules/cjs/loader:1688:14)
2025-11-04T17:10:57:     at Object..js (node:internal/modules/cjs/loader:1820:10)
2025-11-04T17:10:57:     at Module.load (node:internal/modules/cjs/loader:1423:32)
2025-11-04T17:10:57:     at Function._load (node:internal/modules/cjs/loader:1246:12)
2025-11-04T17:11:01: /Users/wemo/new-flow/AINO/node_modules/.bin/next:2
2025-11-04T17:11:01: basedir=$(dirname "$(echo "$0" | sed -e 's,\\,/,g')")
2025-11-04T17:11:01:           ^^^^^^^
2025-11-04T17:11:01: 
2025-11-04T17:11:01: SyntaxError: missing ) after argument list
2025-11-04T17:11:01:     at wrapSafe (node:internal/modules/cjs/loader:1620:18)
2025-11-04T17:11:01:     at Module._compile (node:internal/modules/cjs/loader:1662:20)
2025-11-04T17:11:01:     at Object..js (node:internal/modules/cjs/loader:1820:10)
2025-11-04T17:11:01:     at Module.load (node:internal/modules/cjs/loader:1423:32)
2025-11-04T17:11:01:     at Function._load (node:internal/modules/cjs/loader:1246:12)
2025-11-04T17:11:01:     at Object.<anonymous> (/usr/local/lib/node_modules/pm2/lib/ProcessContainerFork.js:33:23)
2025-11-04T17:11:01:     at Module._compile (node:internal/modules/cjs/loader:1688:14)
2025-11-04T17:11:01:     at Object..js (node:internal/modules/cjs/loader:1820:10)
2025-11-04T17:11:01:     at Module.load (node:internal/modules/cjs/loader:1423:32)
2025-11-04T17:11:01:     at Function._load (node:internal/modules/cjs/loader:1246:12)
2025-11-04T17:11:05: /Users/wemo/new-flow/AINO/node_modules/.bin/next:2
2025-11-04T17:11:05: basedir=$(dirname "$(echo "$0" | sed -e 's,\\,/,g')")
2025-11-04T17:11:05:           ^^^^^^^
2025-11-04T17:11:05: 
2025-11-04T17:11:05: SyntaxError: missing ) after argument list
2025-11-04T17:11:05:     at wrapSafe (node:internal/modules/cjs/loader:1620:18)
2025-11-04T17:11:05:     at Module._compile (node:internal/modules/cjs/loader:1662:20)
2025-11-04T17:11:05:     at Object..js (node:internal/modules/cjs/loader:1820:10)
2025-11-04T17:11:05:     at Module.load (node:internal/modules/cjs/loader:1423:32)
2025-11-04T17:11:05:     at Function._load (node:internal/modules/cjs/loader:1246:12)
2025-11-04T17:11:05:     at Object.<anonymous> (/usr/local/lib/node_modules/pm2/lib/ProcessContainerFork.js:33:23)
2025-11-04T17:11:05:     at Module._compile (node:internal/modules/cjs/loader:1688:14)
2025-11-04T17:11:05:     at Object..js (node:internal/modules/cjs/loader:1820:10)
2025-11-04T17:11:05:     at Module.load (node:internal/modules/cjs/loader:1423:32)
2025-11-04T17:11:05:     at Function._load (node:internal/modules/cjs/loader:1246:12)
2025-11-04T17:12:53: /usr/local/bin/pnpm: line 2: process.env.COREPACK_ENABLE_DOWNLOAD_PROMPT??=1: command not found
2025-11-04T17:12:53: /usr/local/bin/pnpm: line 3: syntax error near unexpected token `'module''
2025-11-04T17:12:53: /usr/local/bin/pnpm: line 3: `require('module').enableCompileCache?.();'
2025-11-04T17:12:57: /usr/local/bin/pnpm: line 2: process.env.COREPACK_ENABLE_DOWNLOAD_PROMPT??=1: command not found
2025-11-04T17:12:57: /usr/local/bin/pnpm: line 3: syntax error near unexpected token `'module''
2025-11-04T17:12:57: /usr/local/bin/pnpm: line 3: `require('module').enableCompileCache?.();'
2025-11-04T17:13:01: /usr/local/bin/pnpm: line 2: process.env.COREPACK_ENABLE_DOWNLOAD_PROMPT??=1: command not found
2025-11-04T17:13:05: /usr/local/bin/pnpm: line 2: process.env.COREPACK_ENABLE_DOWNLOAD_PROMPT??=1: command not found
2025-11-04T17:13:05: /usr/local/bin/pnpm: line 3: syntax error near unexpected token `'module''
2025-11-04T17:13:05: /usr/local/bin/pnpm: line 3: `require('module').enableCompileCache?.();'
2025-11-04T17:13:09: /usr/local/bin/pnpm: line 2: process.env.COREPACK_ENABLE_DOWNLOAD_PROMPT??=1: command not found
2025-11-04T17:13:09: /usr/local/bin/pnpm: line 3: syntax error near unexpected token `'module''
2025-11-04T17:13:09: /usr/local/bin/pnpm: line 3: `require('module').enableCompileCache?.();'
2025-11-04T17:13:13: /usr/local/bin/pnpm: line 2: process.env.COREPACK_ENABLE_DOWNLOAD_PROMPT??=1: command not found
2025-11-04T17:13:13: /usr/local/bin/pnpm: line 3: syntax error near unexpected token `'module''
2025-11-04T17:13:13: /usr/local/bin/pnpm: line 3: `require('module').enableCompileCache?.();'
2025-11-04T17:13:17: /usr/local/bin/pnpm: line 2: process.env.COREPACK_ENABLE_DOWNLOAD_PROMPT??=1: command not found
2025-11-04T17:13:17: /usr/local/bin/pnpm: line 3: syntax error near unexpected token `'module''
2025-11-04T17:13:17: /usr/local/bin/pnpm: line 3: `require('module').enableCompileCache?.();'
2025-11-04T17:13:21: /usr/local/bin/pnpm: line 2: process.env.COREPACK_ENABLE_DOWNLOAD_PROMPT??=1: command not found
2025-11-04T17:13:21: /usr/local/bin/pnpm: line 3: syntax error near unexpected token `'module''
2025-11-04T17:13:21: /usr/local/bin/pnpm: line 3: `require('module').enableCompileCache?.();'
2025-11-04T17:13:25: /usr/local/bin/pnpm: line 2: process.env.COREPACK_ENABLE_DOWNLOAD_PROMPT??=1: command not found
2025-11-04T17:13:25: /usr/local/bin/pnpm: line 3: syntax error near unexpected token `'module''
2025-11-04T17:13:25: /usr/local/bin/pnpm: line 3: `require('module').enableCompileCache?.();'
2025-11-04T17:13:29: /usr/local/bin/pnpm: line 2: process.env.COREPACK_ENABLE_DOWNLOAD_PROMPT??=1: command not found
2025-11-04T17:15:33:  ⚠ Warning: Next.js inferred your workspace root, but it may not be correct.
2025-11-04T17:15:33:  We detected multiple lockfiles and selected the directory of /Users/wemo/package-lock.json as the root directory.
2025-11-04T17:15:33:  To silence this warning, set `outputFileTracingRoot` in your Next.js config, or consider removing one of the lockfiles if it's not needed.
2025-11-04T17:15:33:    See https://nextjs.org/docs/app/api-reference/config/next-config-js/output#caveats for more information.
2025-11-04T17:15:33:  Detected additional lockfiles: 
2025-11-04T17:15:33:    * /Users/wemo/new-flow/AINO/pnpm-lock.yaml
2025-11-04T17:15:33:    * /Users/wemo/new-flow/package-lock.json
2025-11-04T17:15:33: 
